[debug] [2018-12-02T07:54:09.422Z] ----------------------------------------------------------------------
[debug] [2018-12-02T07:54:09.425Z] Command:       C:\Program Files\nodejs\node.exe C:\Users\user\AppData\Roaming\npm\node_modules\firebase-tools\lib\bin\firebase.js serve --only hosting
[debug] [2018-12-02T07:54:09.425Z] CLI Version:   6.1.0
[debug] [2018-12-02T07:54:09.425Z] Platform:      win32
[debug] [2018-12-02T07:54:09.425Z] Node Version:  v10.13.0
[debug] [2018-12-02T07:54:09.429Z] Time:          Sun Dec 02 2018 16:54:09 GMT+0900 (GMT+09:00)
[debug] [2018-12-02T07:54:09.430Z] ----------------------------------------------------------------------
[debug] 
[debug] [2018-12-02T07:54:09.448Z] > command requires scopes: ["email","openid","https://www.googleapis.com/auth/cloudplatformprojects.readonly","https://www.googleapis.com/auth/firebase","https://www.googleapis.com/auth/cloud-platform"]
[debug] [2018-12-02T07:54:09.450Z] > authorizing via signed-in user
[debug] [2018-12-02T07:54:09.450Z] [iam] checking project friendychat-8920d for permissions ["firebase.projects.get"]
[debug] [2018-12-02T07:54:09.452Z] >>> HTTP REQUEST POST https://cloudresourcemanager.googleapis.com/v1/projects/friendychat-8920d:testIamPermissions  

[debug] [2018-12-02T07:54:10.449Z] <<< HTTP RESPONSE 200
[debug] [2018-12-02T07:54:10.451Z] >>> HTTP REQUEST GET https://cloudresourcemanager.googleapis.com/v1/projects/friendychat-8920d  
 
[debug] [2018-12-02T07:54:11.289Z] <<< HTTP RESPONSE 200
[info] 
[info] === Serving from 'C:\Users\user\Documents\friendlychat-web\web'...
[info] 
[debug] [2018-12-02T07:54:11.297Z] >>> HTTP REQUEST GET https://mobilesdk-pa.googleapis.com/v1/projects/1046597658407/clients/_:getWebAppConfig  
 
[debug] [2018-12-02T07:54:12.003Z] <<< HTTP RESPONSE 200
[info] i  hosting: Serving hosting files from: ./public
[info] +  hosting: Local server: http://localhost:5000
